<?xml version="1.0" encoding="UTF-8"?>
<!-- Generated by org.testng.reporters.JUnitReportReporter -->
<testsuite hostname="DESKTOP-93R9A69" failures="0" tests="1" name="Demo1.RegisterPage" time="16.619" errors="0" timestamp="2021-06-05T16:44:43 IST" skipped="0">
  <testcase classname="Demo1.RegisterPage" name="automateRegisterPage" time="16.619"/>
  <system-out/>
</testsuite> <!-- Demo1.RegisterPage -->
