<?xml version="1.0" encoding="UTF-8"?>
<!-- Generated by org.testng.reporters.JUnitReportReporter -->
<testsuite hostname="DESKTOP-93R9A69" failures="0" tests="1" name="SecondWebsiteAutomation.RegisterPage2" time="16.964" errors="0" timestamp="2021-06-05T20:59:03 IST" skipped="0">
  <testcase classname="SecondWebsiteAutomation.RegisterPage2" name="automateRegisterPage" time="16.964"/>
  <system-out/>
</testsuite> <!-- SecondWebsiteAutomation.RegisterPage2 -->
