<?xml version="1.0" encoding="UTF-8"?>
<!-- Generated by org.testng.reporters.JUnitReportReporter -->
<testsuite hostname="DESKTOP-93R9A69" failures="0" tests="1" name="DemoWebsite2.RegisterPage2" time="18.406" errors="0" timestamp="2021-06-05T18:09:32 IST" skipped="0">
  <testcase classname="DemoWebsite2.RegisterPage2" name="automateRegisterPage" time="18.406"/>
  <system-out/>
</testsuite> <!-- DemoWebsite2.RegisterPage2 -->
