<?xml version="1.0" encoding="UTF-8"?>
<!-- Generated by org.testng.reporters.JUnitReportReporter -->
<testsuite hostname="DESKTOP-93R9A69" failures="0" tests="1" name="DemoWebsite1.RegisterPage1" time="17.839" errors="0" timestamp="2021-06-05T18:09:01 IST" skipped="0">
  <testcase classname="DemoWebsite1.RegisterPage1" name="automateRegisterPage" time="17.839"/>
  <system-out/>
</testsuite> <!-- DemoWebsite1.RegisterPage1 -->
