<?xml version="1.0" encoding="UTF-8"?>
<!-- Generated by org.testng.reporters.JUnitReportReporter -->
<testsuite hostname="DESKTOP-93R9A69" failures="0" tests="1" name="FirstWebsiteAutomation.RegisterPage1" time="28.981" errors="0" timestamp="2021-06-05T20:57:48 IST" skipped="0">
  <testcase classname="FirstWebsiteAutomation.RegisterPage1" name="automateRegisterPage" time="28.981"/>
  <system-out/>
</testsuite> <!-- FirstWebsiteAutomation.RegisterPage1 -->
